<?xml version="1.0" encoding="UTF-8" ?>
<testsuite tests="26" failures="0" name="TestSuite" time="4.801" errors="0" skipped="0">
  <properties>
    <property name="java.runtime.name" value="Java(TM) SE Runtime Environment"/>
    <property name="java.vm.version" value="11.0.14+8-LTS-263"/>
    <property name="sun.boot.library.path" value="C:\Program Files\Java\jdk-11.0.14\bin"/>
    <property name="maven.multiModuleProjectDirectory" value="C:\Users\shannan\Downloads\database_testing_project"/>
    <property name="java.vm.vendor" value="Oracle Corporation"/>
    <property name="java.vendor.url" value="https://openjdk.java.net/"/>
    <property name="guice.disable.misplaced.annotation.check" value="true"/>
    <property name="path.separator" value=";"/>
    <property name="java.vm.name" value="Java HotSpot(TM) 64-Bit Server VM"/>
    <property name="sun.os.patch.level" value=""/>
    <property name="user.script" value=""/>
    <property name="user.country" value="US"/>
    <property name="sun.java.launcher" value="SUN_STANDARD"/>
    <property name="java.vm.specification.name" value="Java Virtual Machine Specification"/>
    <property name="user.dir" value="C:\Users\shannan\Downloads\database_testing_project"/>
    <property name="java.vm.compressedOopsMode" value="32-bit"/>
    <property name="java.runtime.version" value="11.0.14+8-LTS-263"/>
    <property name="java.awt.graphicsenv" value="sun.awt.Win32GraphicsEnvironment"/>
    <property name="os.arch" value="amd64"/>
    <property name="java.io.tmpdir" value="C:\Users\shannan\AppData\Local\Temp\"/>
    <property name="line.separator" value="
"/>
    <property name="java.vm.specification.vendor" value="Oracle Corporation"/>
    <property name="user.variant" value=""/>
    <property name="os.name" value="Windows 11"/>
    <property name="classworlds.conf" value="C:\Users\shannan\Downloads\apache-maven-3.8.6-bin\apache-maven-3.8.6\bin\m2.conf"/>
    <property name="sun.jnu.encoding" value="Cp1252"/>
    <property name="java.library.path" value="C:\Program Files\Java\jdk-11.0.14\bin;C:\WINDOWS\Sun\Java\bin;C:\WINDOWS\system32;C:\WINDOWS;C:\Python310\Scripts\;C:\Python310\;C:\Informatica\10.2.0\clients\tools\datadirect;C:\Informatica\10.2.0\clients\tools\odbcdrv;C:\Informatica\10.2.0\clients\tools\jdbcdrv;C:\Informatica\10.2.0\clients\tools\sharedlibs;C:\Informatica\java\jre\bin\server;C:\Informatica\tools\odbcdrv;C:\Informatica\tools\jdbcdrv;C:\Informatica\tools\sharedlibs;C:\Informatica\tools\datadirect;C:\OracleXE\app\oracle\product\11.2.0\server\bin;C:\oracle\WINDOWS.X64_193000_db_home\bin;C:\Informatica\9.6.1\java\jre\bin\server;C:\Informatica\9.6.1\tools\odbcdrv;C:\Informatica\9.6.1\tools\jdbcdrv;C:\Informatica\9.6.1\tools\datadirect;C:\oracle_19c\WINDOWS.X64_193000_db_home\bin;C:\Users\shannan\Desktop\WINDOWS.X64_213000_db_home\bin;C:\Users\shannan\Documents\WINDOWS.X64_213000_db_home\bin;C:\Users\shannan\Downloads\WINDOWS.X64_213000_db_home\bin;C:\Program Files\Java\jdk-11.0.14\bin;C:\Program Files\Common Files\Oracle\Java\javapath;C:\WINDOWS\system32;C:\WINDOWS;C:\WINDOWS\System32\Wbem;C:\WINDOWS\System32\WindowsPowerShell\v1.0\;C:\WINDOWS\System32\OpenSSH\;C:\Program Files\Java\jdk-17.0.2\bin;C:\Program Files\Git\bin;C:\Program Files\Git\cmd;C:\Program Files\Docker\Docker\resources\bin;C:\ProgramData\DockerDesktop\version-bin;C:\Users\shannan\Downloads\apache-maven-3.8.6-bin\apache-maven-3.8.6\bin;C:\Kubectl;C:\Program Files\Kubernetes\Minikube;;C:\WINDOWS\system32;C:\WINDOWS;C:\WINDOWS\System32\Wbem;C:\WINDOWS\System32\WindowsPowerShell\v1.0\;C:\WINDOWS\System32\OpenSSH\;C:\Program Files\nodejs\;C:\ProgramData\chocolatey\bin;C:\Program Files\MySQL\MySQL Shell 8.0\bin\;C:\Users\shannan\AppData\Local\Microsoft\WindowsApps;;C:\Users\shannan\AppData\Local\Programs\Microsoft VS Code\bin;C:\Users\shannan\AppData\Roaming\npm;."/>
    <property name="maven.conf" value="C:\Users\shannan\Downloads\apache-maven-3.8.6-bin\apache-maven-3.8.6/conf"/>
    <property name="jdk.debug" value="release"/>
    <property name="java.class.version" value="55.0"/>
    <property name="java.specification.name" value="Java Platform API Specification"/>
    <property name="sun.management.compiler" value="HotSpot 64-Bit Tiered Compilers"/>
    <property name="os.version" value="10.0"/>
    <property name="library.jansi.path" value="C:\Users\shannan\Downloads\apache-maven-3.8.6-bin\apache-maven-3.8.6\lib\jansi-native"/>
    <property name="user.home" value="C:\Users\shannan"/>
    <property name="user.timezone" value="America/New_York"/>
    <property name="java.awt.printerjob" value="sun.awt.windows.WPrinterJob"/>
    <property name="file.encoding" value="Cp1252"/>
    <property name="java.specification.version" value="11"/>
    <property name="user.name" value="shannan"/>
    <property name="java.class.path" value="C:\Users\shannan\Downloads\apache-maven-3.8.6-bin\apache-maven-3.8.6\boot\plexus-classworlds-2.6.0.jar"/>
    <property name="java.vm.specification.version" value="11"/>
    <property name="sun.arch.data.model" value="64"/>
    <property name="sun.java.command" value="org.codehaus.plexus.classworlds.launcher.Launcher clean test"/>
    <property name="java.home" value="C:\Program Files\Java\jdk-11.0.14"/>
    <property name="user.language" value="en"/>
    <property name="java.specification.vendor" value="Oracle Corporation"/>
    <property name="awt.toolkit" value="sun.awt.windows.WToolkit"/>
    <property name="java.vm.info" value="mixed mode"/>
    <property name="java.version" value="11.0.14"/>
    <property name="java.vendor" value="Oracle Corporation"/>
    <property name="sun.stderr.encoding" value="cp437"/>
    <property name="maven.home" value="C:\Users\shannan\Downloads\apache-maven-3.8.6-bin\apache-maven-3.8.6"/>
    <property name="file.separator" value="\"/>
    <property name="java.version.date" value="2022-01-18"/>
    <property name="java.vendor.url.bug" value="https://bugreport.java.com/bugreport/"/>
    <property name="sun.io.unicode.encoding" value="UnicodeLittle"/>
    <property name="sun.cpu.endian" value="little"/>
    <property name="java.vendor.version" value="18.9"/>
    <property name="sun.stdout.encoding" value="cp437"/>
    <property name="sun.desktop" value="windows"/>
    <property name="sun.cpu.isalist" value="amd64"/>
  </properties>
  <testcase classname="tests.DataValidationTest" name="test_Course_ID_PrimaryKey" time="0.05"/>
  <testcase classname="tests.DataValidationTest" name="test_Course_ID_NULL" time="0.005"/>
  <testcase classname="tests.DataValidationTest" name="test_Course_Name_Unique" time="0.006"/>
  <testcase classname="tests.DataValidationTest" name="test_Course_Duration_NULL" time="0.006"/>
  <testcase classname="tests.DataValidationTest" name="test_Course_Fee_Check" time="0"/>
  <testcase classname="tests.DataValidationTest" name="test_Student_ID_PrimaryKey" time="0.007"/>
  <testcase classname="tests.DataValidationTest" name="test_Student_Name_NULL" time="0.001"/>
  <testcase classname="tests.DataValidationTest" name="test_Student_Age_Check" time="0.014"/>
  <testcase classname="tests.DataValidationTest" name="test_Student_CourseID_ForeignKey" time="0.003"/>
  <testcase classname="tests.SauceLabsDBTest" name="test_SauceLabs" time="1.99"/>
  <testcase classname="tests.SauceLabsDBTest" name="test_SauceLabs" time="2.454"/>
  <testcase classname="tests.StoredFunctionsTest" name="test_FunctionExists" time="0.03"/>
  <testcase classname="tests.StoredFunctionsTest" name="test_CustomerLevel_Function" time="0.03"/>
  <testcase classname="tests.StoredFunctionsTest" name="test_CustomerLevel_With_Procedure" time="0.05"/>
  <testcase classname="tests.StoredProceduresTest" name="test_StoreProcedureExists" time="0.012"/>
  <testcase classname="tests.StoredProceduresTest" name="test_SelectAllCustomers" time="0.035"/>
  <testcase classname="tests.StoredProceduresTest" name="test_SelectAllCustomers_By_City" time="0.002"/>
  <testcase classname="tests.StoredProceduresTest" name="test_SelectAllCustomers_By_City_And_Pin" time="0.01"/>
  <testcase classname="tests.StoredProceduresTest" name="test_GetOrderByCustomer" time="0.019"/>
  <testcase classname="tests.StoredProceduresTest" name="test_GetCustomerShipping" time="0.007"/>
  <testcase classname="tests.TriggersTest" name="test_Before_Workcenters_Insert" time="0.015"/>
  <testcase classname="tests.TriggersTest" name="test_After_Member_Insert" time="0.012"/>
  <testcase classname="tests.TriggersTest" name="test_Before_Sales_Update" time="0.007"/>
  <testcase classname="tests.TriggersTest" name="test_After_Sales_Update" time="0.006"/>
  <testcase classname="tests.TriggersTest" name="test_Before_Salaries_Delete" time="0.021"/>
  <testcase classname="tests.TriggersTest" name="test_After_Salaries_Delete" time="0.009"/>
</testsuite>