<?xml version="1.0" encoding="UTF-8"?>
<!-- Generated by org.testng.reporters.JUnitReportReporter -->
<testsuite hostname="DESKTOP-70F4JCP" failures="0" tests="6" name="tests.TriggersTest" time="0.159" errors="0" timestamp="2022-08-02T11:08:37 EDT" skipped="0">
  <testcase classname="tests.TriggersTest" name="test_Before_Workcenters_Insert" time="0.070"/>
  <system-out/>
  <testcase classname="tests.TriggersTest" name="test_After_Member_Insert" time="0.011"/>
  <system-out/>
  <testcase classname="tests.TriggersTest" name="test_Before_Sales_Update" time="0.024"/>
  <system-out/>
  <testcase classname="tests.TriggersTest" name="test_After_Sales_Update" time="0.012"/>
  <system-out/>
  <testcase classname="tests.TriggersTest" name="test_Before_Salaries_Delete" time="0.030"/>
  <system-out/>
  <testcase classname="tests.TriggersTest" name="test_After_Salaries_Delete" time="0.012"/>
  <system-out/>
</testsuite> <!-- tests.TriggersTest -->
