<?xml version="1.0" encoding="UTF-8"?>
<!-- Generated by org.testng.reporters.JUnitReportReporter -->
<testsuite hostname="DESKTOP-70F4JCP" failures="0" tests="6" name="tests.StoredProceduresTest" time="0.698" errors="0" timestamp="2022-08-02T08:40:30 EDT" skipped="0">
  <testcase classname="tests.StoredProceduresTest" name="test_StoreProcedureExists" time="0.269"/>
  <system-out/>
  <testcase classname="tests.StoredProceduresTest" name="test_SelectAllCustomers" time="0.213"/>
  <system-out/>
  <testcase classname="tests.StoredProceduresTest" name="test_SelectAllCustomers_By_City" time="0.110"/>
  <system-out/>
  <testcase classname="tests.StoredProceduresTest" name="test_SelectAllCustomers_By_City_And_Pin" time="0.050"/>
  <system-out/>
  <testcase classname="tests.StoredProceduresTest" name="test_GetOrderByCustomer" time="0.030"/>
  <system-out/>
  <testcase classname="tests.StoredProceduresTest" name="test_GetCustomerShipping" time="0.026"/>
  <system-out/>
</testsuite> <!-- tests.StoredProceduresTest -->
