<?xml version="1.0" encoding="UTF-8"?>
<!-- Generated by org.testng.reporters.JUnitReportReporter -->
<testsuite hostname="DESKTOP-70F4JCP" failures="0" tests="6" name="StoredProcedureTesting.SPTesting" time="0.177" errors="0" timestamp="2022-07-26T13:30:04 EDT" skipped="0">
  <testcase classname="StoredProcedureTesting.SPTesting" name="test_StoreProcedureExists" time="0.061"/>
  <system-out/>
  <testcase classname="StoredProcedureTesting.SPTesting" name="test_SelectAllCustomers" time="0.062"/>
  <system-out/>
  <testcase classname="StoredProcedureTesting.SPTesting" name="test_SelectAllCustomersByCity" time="0.014"/>
  <system-out/>
  <testcase classname="StoredProcedureTesting.SPTesting" name="test_SelectAllCustomersByCityAndPin" time="0.014"/>
  <system-out/>
  <testcase classname="StoredProcedureTesting.SPTesting" name="test_GetOrderByCustomer" time="0.015"/>
  <system-out/>
  <testcase classname="StoredProcedureTesting.SPTesting" name="test_GetCustomerShipping" time="0.011"/>
  <system-out/>
</testsuite> <!-- StoredProcedureTesting.SPTesting -->
