<?xml version="1.0" encoding="UTF-8"?>
<!-- Generated by org.testng.reporters.JUnitReportReporter -->
<testsuite hostname="DESKTOP-70F4JCP" failures="0" tests="1" name="functional.SauceLabsDBTest" time="5.014" errors="0" timestamp="2022-07-30T14:56:01 EDT" skipped="0">
  <testcase classname="functional.SauceLabsDBTest" name="test_SauceLabs" time="5.014"/>
  <system-out/>
</testsuite> <!-- functional.SauceLabsDBTest -->
