<?xml version="1.0" encoding="UTF-8"?>
<!-- Generated by org.testng.reporters.JUnitReportReporter -->
<testsuite hostname="DESKTOP-70F4JCP" failures="0" tests="1" name="functional.SauceLabsDB" time="4.746" errors="0" timestamp="2022-07-29T17:01:51 EDT" skipped="0">
  <testcase classname="functional.SauceLabsDB" name="test_SauceLabs" time="4.746"/>
  <system-out/>
</testsuite> <!-- functional.SauceLabsDB -->
