<?xml version="1.0" encoding="UTF-8"?>
<!-- Generated by org.testng.reporters.JUnitReportReporter -->
<testsuite hostname="DESKTOP-70F4JCP" failures="0" tests="2" name="tests.SauceLabsDBTest" time="8.656" errors="0" timestamp="2022-08-05T10:19:06 EDT" skipped="0">
  <testcase classname="tests.SauceLabsDBTest" name="test_SauceLabs" time="3.685"/>
  <system-out/>
  <testcase classname="tests.SauceLabsDBTest" name="test_SauceLabs" time="4.971"/>
  <system-out/>
</testsuite> <!-- tests.SauceLabsDBTest -->
