<?xml version="1.0" encoding="UTF-8"?>
<!-- Generated by org.testng.reporters.JUnitReportReporter -->
<testsuite hostname="DESKTOP-70F4JCP" failures="0" tests="1" name="tests.DataValidationTest" time="0.052" errors="0" timestamp="2022-08-03T19:28:13 EDT" skipped="0">
  <testcase classname="tests.DataValidationTest" name="test_Student_CourseID_ForeignKey" time="0.052"/>
  <system-out/>
</testsuite> <!-- tests.DataValidationTest -->
