<?xml version="1.0" encoding="UTF-8"?>
<!-- Generated by org.testng.reporters.JUnitReportReporter -->
<testsuite hostname="DESKTOP-70F4JCP" failures="0" tests="3" name="functional.StoredFunctions" time="0.152" errors="0" timestamp="2022-07-27T15:35:33 EDT" skipped="0">
  <testcase classname="functional.StoredFunctions" name="test_StoreFunctionExists" time="0.091"/>
  <system-out/>
  <testcase classname="functional.StoredFunctions" name="test_CustomerLevel_Function" time="0.025"/>
  <system-out/>
  <testcase classname="functional.StoredFunctions" name="test_CustomerLevel_With_Procedure" time="0.036"/>
  <system-out/>
</testsuite> <!-- functional.StoredFunctions -->
