<?xml version="1.0" encoding="UTF-8"?>
<!-- Generated by org.testng.reporters.JUnitReportReporter -->
<testsuite hostname="DESKTOP-70F4JCP" failures="0" tests="1" name="tests.Triggers" time="0.133" errors="0" timestamp="2022-08-01T15:06:33 EDT" skipped="0">
  <testcase classname="tests.Triggers" name="test_After_Salaries_Delete" time="0.133"/>
  <system-out/>
</testsuite> <!-- tests.Triggers -->
