<?xml version="1.0" encoding="UTF-8"?>
<!-- Generated by org.testng.reporters.JUnitReportReporter -->
<testsuite hostname="DESKTOP-70F4JCP" failures="0" tests="3" name="tests.StoredFunctionsTest" time="0.184" errors="0" timestamp="2022-08-02T08:40:30 EDT" skipped="0">
  <testcase classname="tests.StoredFunctionsTest" name="test_StoreFunctionExists" time="0.050"/>
  <system-out/>
  <testcase classname="tests.StoredFunctionsTest" name="test_CustomerLevel_Function" time="0.081"/>
  <system-out/>
  <testcase classname="tests.StoredFunctionsTest" name="test_CustomerLevel_With_Procedure" time="0.053"/>
  <system-out/>
</testsuite> <!-- tests.StoredFunctionsTest -->
