<?xml version="1.0" encoding="UTF-8"?>
<!-- Generated by org.testng.reporters.JUnitReportReporter -->
<testsuite hostname="DESKTOP-70F4JCP" failures="0" tests="6" name="tests.StoredProceduresTest" time="0.084" errors="0" timestamp="2022-08-05T09:54:44 EDT" skipped="0">
  <testcase classname="tests.StoredProceduresTest" name="test_StoreProcedureExists" time="0.012"/>
  <system-out/>
  <testcase classname="tests.StoredProceduresTest" name="test_SelectAllCustomers" time="0.028"/>
  <system-out/>
  <testcase classname="tests.StoredProceduresTest" name="test_SelectAllCustomers_By_City" time="0.010"/>
  <system-out/>
  <testcase classname="tests.StoredProceduresTest" name="test_SelectAllCustomers_By_City_And_Pin" time="0.011"/>
  <system-out/>
  <testcase classname="tests.StoredProceduresTest" name="test_GetOrderByCustomer" time="0.015"/>
  <system-out/>
  <testcase classname="tests.StoredProceduresTest" name="test_GetCustomerShipping" time="0.008"/>
  <system-out/>
</testsuite> <!-- tests.StoredProceduresTest -->
