<?xml version="1.0" encoding="UTF-8"?>
<!-- Generated by org.testng.reporters.JUnitReportReporter -->
<testsuite hostname="DESKTOP-70F4JCP" failures="0" tests="3" name="tests.StoredFunctionsTest" time="0.105" errors="0" timestamp="2022-08-05T09:54:44 EDT" skipped="0">
  <testcase classname="tests.StoredFunctionsTest" name="test_FunctionExists" time="0.030"/>
  <system-out/>
  <testcase classname="tests.StoredFunctionsTest" name="test_CustomerLevel_Function" time="0.029"/>
  <system-out/>
  <testcase classname="tests.StoredFunctionsTest" name="test_CustomerLevel_With_Procedure" time="0.046"/>
  <system-out/>
</testsuite> <!-- tests.StoredFunctionsTest -->
