<?xml version="1.0" encoding="UTF-8"?>
<!-- Generated by org.testng.reporters.JUnitReportReporter -->
<testsuite hostname="DESKTOP-70F4JCP" failures="0" tests="2" name="tests.SauceLabsDBTest" time="12.750" errors="0" timestamp="2022-08-05T09:54:44 EDT" skipped="0">
  <testcase classname="tests.SauceLabsDBTest" name="test_SauceLabs" time="4.715"/>
  <system-out/>
  <testcase classname="tests.SauceLabsDBTest" name="test_SauceLabs" time="8.035"/>
  <system-out/>
</testsuite> <!-- tests.SauceLabsDBTest -->
