<?xml version="1.0" encoding="UTF-8"?>
<!-- Generated by org.testng.reporters.JUnitReportReporter -->
<testsuite hostname="DESKTOP-70F4JCP" failures="0" tests="9" name="tests.DataValidationTest" time="0.094" errors="0" timestamp="2022-08-05T09:54:44 EDT" skipped="0">
  <testcase classname="tests.DataValidationTest" name="test_Course_ID_PrimaryKey" time="0.049"/>
  <system-out/>
  <testcase classname="tests.DataValidationTest" name="test_Course_ID_NULL" time="0.001"/>
  <system-out/>
  <testcase classname="tests.DataValidationTest" name="test_Course_Name_Unique" time="0.010"/>
  <system-out/>
  <testcase classname="tests.DataValidationTest" name="test_Course_Duration_NULL" time="0.003"/>
  <system-out/>
  <testcase classname="tests.DataValidationTest" name="test_Course_Fee_Check" time="0.003"/>
  <system-out/>
  <testcase classname="tests.DataValidationTest" name="test_Student_ID_PrimaryKey" time="0.010"/>
  <system-out/>
  <testcase classname="tests.DataValidationTest" name="test_Student_Name_NULL" time="0.002"/>
  <system-out/>
  <testcase classname="tests.DataValidationTest" name="test_Student_Age_Check" time="0.013"/>
  <system-out/>
  <testcase classname="tests.DataValidationTest" name="test_Student_CourseID_ForeignKey" time="0.003"/>
  <system-out/>
</testsuite> <!-- tests.DataValidationTest -->
